<?xml version="1.0" encoding="UTF-8"?>
<!-- Generated by org.testng.reporters.JUnitXMLReporter -->
<testsuite hostname="DLLT-9497" ignored="0" name="Test" tests="3" failures="1" timestamp="2021-06-04T17:49:55 IST" time="3.174" errors="0">
  <testcase name="createEmp" time="3.13" classname="com.interview.mPokket.testcases.CreateEmployee">
    <failure type="java.lang.AssertionError" message="expected [200] but found [429]">
      <![CDATA[java.lang.AssertionError: expected [200] but found [429]
at com.interview.mPokket.testcases.CreateEmployee.createEmp(CreateEmployee.java:36)
at java.util.ArrayList.forEach(ArrayList.java:1259)
... Removed 33 stack frames]]>
    </failure>
  </testcase> <!-- createEmp -->
  <testcase name="CheckEmp" time="0.0" classname="com.interview.mPokket.testcases.CreateEmployee">
    <skipped/>
  </testcase> <!-- CheckEmp -->
  <testcase name="DelEmp" time="0.0" classname="com.interview.mPokket.testcases.CreateEmployee">
    <skipped/>
  </testcase> <!-- DelEmp -->
</testsuite> <!-- Test -->
